<?xml version="1.0" encoding="UTF-8"?>
<!-- Generated by org.testng.reporters.JUnitXMLReporter -->
<testsuite hostname="Dibendu-PC" ignored="0" name="Test" tests="5" failures="1" timestamp="26 May 2019 11:59:46 GMT" time="0.104" errors="0">
  <testcase name="android" time="0.014" classname="MavenProject.FirstMavenProject.AppiumTest"/>
  <testcase name="ios" time="0.001" classname="MavenProject.FirstMavenProject.AppiumTest"/>
  <testcase name="apiPost" time="0.005" classname="MavenProject.FirstMavenProject.RestApiTest">
    <failure type="java.lang.AssertionError" message="expected [true] but found [false]">
      <![CDATA[java.lang.AssertionError: expected [true] but found [false]
at MavenProject.FirstMavenProject.RestApiTest.apiPost(RestApiTest.java:12)
... Removed 33 stack frames]]>
    </failure>
  </testcase> <!-- apiPost -->
  <testcase name="browserAutomation" time="0.0" classname="MavenProject.FirstMavenProject.SeleniumTest"/>
  <testcase name="webElements" time="0.001" classname="MavenProject.FirstMavenProject.SeleniumTest"/>
</testsuite> <!-- Test -->
